<?xml version="1.0" encoding="UTF-8"?>
<testng-results ignored="0" total="3" passed="3" failed="0" skipped="0">
  <reporter-output>
  </reporter-output>
  <suite started-at="2023-11-22T13:33:29 EET" name="Default suite" finished-at="2023-11-22T13:33:52 EET" duration-ms="23274">
    <groups>
    </groups>
    <test started-at="2023-11-22T13:33:29 EET" name="Default test" finished-at="2023-11-22T13:33:52 EET" duration-ms="23274">
      <class name="MyTestCases">
        <test-method is-config="true" signature="preTest()[pri:0, instance:MyTestCases@2783717b]" started-at="2023-11-22T13:33:29 EET" name="preTest" finished-at="2023-11-22T13:33:29 EET" duration-ms="124" status="PASS">
          <reporter-output>
          </reporter-output>
        </test-method> <!-- preTest -->
        <test-method signature="testOne()[pri:0, instance:MyTestCases@2783717b]" started-at="2023-11-22T13:33:29 EET" name="testOne" finished-at="2023-11-22T13:33:37 EET" duration-ms="8220" status="PASS">
          <reporter-output>
          </reporter-output>
        </test-method> <!-- testOne -->
        <test-method signature="testTwo()[pri:1, instance:MyTestCases@2783717b]" started-at="2023-11-22T13:33:37 EET" name="testTwo" finished-at="2023-11-22T13:33:45 EET" duration-ms="7434" status="PASS">
          <reporter-output>
          </reporter-output>
        </test-method> <!-- testTwo -->
        <test-method signature="testThree()[pri:2, instance:MyTestCases@2783717b]" started-at="2023-11-22T13:33:45 EET" name="testThree" finished-at="2023-11-22T13:33:52 EET" duration-ms="7468" status="PASS">
          <reporter-output>
          </reporter-output>
        </test-method> <!-- testThree -->
        <test-method is-config="true" signature="postTest()[pri:0, instance:MyTestCases@2783717b]" started-at="2023-11-22T13:33:52 EET" name="postTest" finished-at="2023-11-22T13:33:52 EET" duration-ms="1" status="PASS">
          <reporter-output>
          </reporter-output>
        </test-method> <!-- postTest -->
      </class> <!-- MyTestCases -->
    </test> <!-- Default test -->
  </suite> <!-- Default suite -->
</testng-results>
